# JRE version: Java(TM) SE Runtime Environment (8.0_161-b12) (build 1.8.0_161-b12)
# Java VM: Java HotSpot(TM) 64-Bit Server VM (25.161-b12 mixed mode windows-amd64 compressed oops)
Heap:
 PSYoungGen      total 411648K, used 399840K [0x00000000d5f00000, 0x00000000f7080000, 0x0000000100000000)
  eden space 378368K, 100% used [0x00000000d5f00000,0x00000000ed080000,0x00000000ed080000)
  from space 33280K, 64% used [0x00000000ed080000,0x00000000ee578000,0x00000000ef100000)
  to   space 34304K, 62% used [0x00000000f4f00000,0x00000000f63f8000,0x00000000f7080000)
 ParOldGen       total 97280K, used 42221K [0x0000000081c00000, 0x0000000087b00000, 0x00000000d5f00000)
  object space 97280K, 43% used [0x0000000081c00000,0x000000008453b4b8,0x0000000087b00000)
 Metaspace       used 34823K, capacity 35288K, committed 35672K, reserved 1081344K
  class space    used 4170K, capacity 4290K, committed 4352K, reserved 1048576K
GC Heap History (10 events):
Event: 19.994 GC heap after
Heap after GC invocations=23 (full 2):
 PSYoungGen      total 240128K, used 16384K [0x00000000d5f00000, 0x00000000ea600000, 0x0000000100000000)
  eden space 223744K, 0% used [0x00000000d5f00000,0x00000000d5f00000,0x00000000e3980000)
  from space 16384K, 100% used [0x00000000e3980000,0x00000000e4980000,0x00000000e4980000)
  to   space 20992K, 0% used [0x00000000e9180000,0x00000000e9180000,0x00000000ea600000)
 ParOldGen       total 97280K, used 25541K [0x0000000081c00000, 0x0000000087b00000, 0x00000000d5f00000)
  object space 97280K, 26% used [0x0000000081c00000,0x00000000834f14b8,0x0000000087b00000)
 Metaspace       used 34822K, capacity 35288K, committed 35672K, reserved 1081344K
  class space    used 4170K, capacity 4290K, committed 4352K, reserved 1048576K
}
Event: 20.218 GC heap before
{Heap before GC invocations=24 (full 2):
 PSYoungGen      total 240128K, used 240128K [0x00000000d5f00000, 0x00000000ea600000, 0x0000000100000000)
  eden space 223744K, 100% used [0x00000000d5f00000,0x00000000e3980000,0x00000000e3980000)
  from space 16384K, 100% used [0x00000000e3980000,0x00000000e4980000,0x00000000e4980000)
  to   space 20992K, 0% used [0x00000000e9180000,0x00000000e9180000,0x00000000ea600000)
 ParOldGen       total 97280K, used 25541K [0x0000000081c00000, 0x0000000087b00000, 0x00000000d5f00000)
  object space 97280K, 26% used [0x0000000081c00000,0x00000000834f14b8,0x0000000087b00000)
 Metaspace       used 34823K, capacity 35288K, committed 35672K, reserved 1081344K
  class space    used 4170K, capacity 4290K, committed 4352K, reserved 1048576K
Event: 20.252 GC heap after
Heap after GC invocations=24 (full 2):
 PSYoungGen      total 304128K, used 20976K [0x00000000d5f00000, 0x00000000ec080000, 0x0000000100000000)
  eden space 283136K, 0% used [0x00000000d5f00000,0x00000000d5f00000,0x00000000e7380000)
  from space 20992K, 99% used [0x00000000e9180000,0x00000000ea5fc120,0x00000000ea600000)
  to   space 30720K, 0% used [0x00000000e7380000,0x00000000e7380000,0x00000000e9180000)
 ParOldGen       total 97280K, used 42221K [0x0000000081c00000, 0x0000000087b00000, 0x00000000d5f00000)
  object space 97280K, 43% used [0x0000000081c00000,0x000000008453b4b8,0x0000000087b00000)
 Metaspace       used 34823K, capacity 35288K, committed 35672K, reserved 1081344K
  class space    used 4170K, capacity 4290K, committed 4352K, reserved 1048576K
}
Event: 20.571 GC heap before
{Heap before GC invocations=25 (full 2):
 PSYoungGen      total 304128K, used 304112K [0x00000000d5f00000, 0x00000000ec080000, 0x0000000100000000)
  eden space 283136K, 100% used [0x00000000d5f00000,0x00000000e7380000,0x00000000e7380000)
  from space 20992K, 99% used [0x00000000e9180000,0x00000000ea5fc120,0x00000000ea600000)
  to   space 30720K, 0% used [0x00000000e7380000,0x00000000e7380000,0x00000000e9180000)
 ParOldGen       total 97280K, used 42221K [0x0000000081c00000, 0x0000000087b00000, 0x00000000d5f00000)
  object space 97280K, 43% used [0x0000000081c00000,0x000000008453b4b8,0x0000000087b00000)
 Metaspace       used 34823K, capacity 35288K, committed 35672K, reserved 1081344K
  class space    used 4170K, capacity 4290K, committed 4352K, reserved 1048576K
Event: 20.584 GC heap after
Heap after GC invocations=25 (full 2):
 PSYoungGen      total 313856K, used 21536K [0x00000000d5f00000, 0x00000000f1080000, 0x0000000100000000)
  eden space 283136K, 0% used [0x00000000d5f00000,0x00000000d5f00000,0x00000000e7380000)
  from space 30720K, 70% used [0x00000000e7380000,0x00000000e8888000,0x00000000e9180000)
  to   space 32256K, 0% used [0x00000000ef100000,0x00000000ef100000,0x00000000f1080000)
 ParOldGen       total 97280K, used 42221K [0x0000000081c00000, 0x0000000087b00000, 0x00000000d5f00000)
  object space 97280K, 43% used [0x0000000081c00000,0x000000008453b4b8,0x0000000087b00000)
 Metaspace       used 34823K, capacity 35288K, committed 35672K, reserved 1081344K
  class space    used 4170K, capacity 4290K, committed 4352K, reserved 1048576K
}
Event: 20.868 GC heap before
{Heap before GC invocations=26 (full 2):
 PSYoungGen      total 313856K, used 304672K [0x00000000d5f00000, 0x00000000f1080000, 0x0000000100000000)
  eden space 283136K, 100% used [0x00000000d5f00000,0x00000000e7380000,0x00000000e7380000)
  from space 30720K, 70% used [0x00000000e7380000,0x00000000e8888000,0x00000000e9180000)
  to   space 32256K, 0% used [0x00000000ef100000,0x00000000ef100000,0x00000000f1080000)
 ParOldGen       total 97280K, used 42221K [0x0000000081c00000, 0x0000000087b00000, 0x00000000d5f00000)
  object space 97280K, 43% used [0x0000000081c00000,0x000000008453b4b8,0x0000000087b00000)
 Metaspace       used 34823K, capacity 35288K, committed 35672K, reserved 1081344K
  class space    used 4170K, capacity 4290K, committed 4352K, reserved 1048576K
Event: 20.882 GC heap after
Heap after GC invocations=26 (full 2):
 PSYoungGen      total 410624K, used 21488K [0x00000000d5f00000, 0x00000000f1200000, 0x0000000100000000)
  eden space 378368K, 0% used [0x00000000d5f00000,0x00000000d5f00000,0x00000000ed080000)
  from space 32256K, 66% used [0x00000000ef100000,0x00000000f05fc120,0x00000000f1080000)
  to   space 33280K, 0% used [0x00000000ed080000,0x00000000ed080000,0x00000000ef100000)
 ParOldGen       total 97280K, used 42221K [0x0000000081c00000, 0x0000000087b00000, 0x00000000d5f00000)
  object space 97280K, 43% used [0x0000000081c00000,0x000000008453b4b8,0x0000000087b00000)
 Metaspace       used 34823K, capacity 35288K, committed 35672K, reserved 1081344K
  class space    used 4170K, capacity 4290K, committed 4352K, reserved 1048576K
}
Event: 21.271 GC heap before
{Heap before GC invocations=27 (full 2):
 PSYoungGen      total 410624K, used 399856K [0x00000000d5f00000, 0x00000000f1200000, 0x0000000100000000)
  eden space 378368K, 100% used [0x00000000d5f00000,0x00000000ed080000,0x00000000ed080000)
  from space 32256K, 66% used [0x00000000ef100000,0x00000000f05fc120,0x00000000f1080000)
  to   space 33280K, 0% used [0x00000000ed080000,0x00000000ed080000,0x00000000ef100000)
 ParOldGen       total 97280K, used 42221K [0x0000000081c00000, 0x0000000087b00000, 0x00000000d5f00000)
  object space 97280K, 43% used [0x0000000081c00000,0x000000008453b4b8,0x0000000087b00000)
 Metaspace       used 34823K, capacity 35288K, committed 35672K, reserved 1081344K
  class space    used 4170K, capacity 4290K, committed 4352K, reserved 1048576K
Event: 21.288 GC heap after
Heap after GC invocations=27 (full 2):
 PSYoungGen      total 411648K, used 21472K [0x00000000d5f00000, 0x00000000f7080000, 0x0000000100000000)
  eden space 378368K, 0% used [0x00000000d5f00000,0x00000000d5f00000,0x00000000ed080000)
  from space 33280K, 64% used [0x00000000ed080000,0x00000000ee578000,0x00000000ef100000)
  to   space 34304K, 0% used [0x00000000f4f00000,0x00000000f4f00000,0x00000000f7080000)
 ParOldGen       total 97280K, used 42221K [0x0000000081c00000, 0x0000000087b00000, 0x00000000d5f00000)
  object space 97280K, 43% used [0x0000000081c00000,0x000000008453b4b8,0x0000000087b00000)
 Metaspace       used 34823K, capacity 35288K, committed 35672K, reserved 1081344K
  class space    used 4170K, capacity 4290K, committed 4352K, reserved 1048576K
}
Event: 21.649 GC heap before
{Heap before GC invocations=28 (full 2):
 PSYoungGen      total 411648K, used 399840K [0x00000000d5f00000, 0x00000000f7080000, 0x0000000100000000)
  eden space 378368K, 100% used [0x00000000d5f00000,0x00000000ed080000,0x00000000ed080000)
  from space 33280K, 64% used [0x00000000ed080000,0x00000000ee578000,0x00000000ef100000)
  to   space 34304K, 0% used [0x00000000f4f00000,0x00000000f4f00000,0x00000000f7080000)
 ParOldGen       total 97280K, used 42221K [0x0000000081c00000, 0x0000000087b00000, 0x00000000d5f00000)
  object space 97280K, 43% used [0x0000000081c00000,0x000000008453b4b8,0x0000000087b00000)
 Metaspace       used 34823K, capacity 35288K, committed 35672K, reserved 1081344K
  class space    used 4170K, capacity 4290K, committed 4352K, reserved 1048576K

