# JRE version: Java(TM) SE Runtime Environment (8.0_161-b12) (build 1.8.0_161-b12)
# Java VM: Java HotSpot(TM) 64-Bit Server VM (25.161-b12 mixed mode windows-amd64 compressed oops)
Heap:
 PSYoungGen      total 14848K, used 14592K [0x00000000d5f00000, 0x00000000d6e80000, 0x0000000100000000)
  eden space 14336K, 100% used [0x00000000d5f00000,0x00000000d6d00000,0x00000000d6d00000)
  from space 512K, 50% used [0x00000000d6e00000,0x00000000d6e40000,0x00000000d6e80000)
  to   space 512K, 50% used [0x00000000d6d80000,0x00000000d6dc0000,0x00000000d6e00000)
 ParOldGen       total 53760K, used 15936K [0x0000000081c00000, 0x0000000085080000, 0x00000000d5f00000)
  object space 53760K, 29% used [0x0000000081c00000,0x0000000082b90158,0x0000000085080000)
 Metaspace       used 22092K, capacity 22538K, committed 22704K, reserved 1069056K
  class space    used 2540K, capacity 2689K, committed 2816K, reserved 1048576K
GC Heap History (10 events):
Event: 19291.716 GC heap after
Heap after GC invocations=203 (full 7):
 PSYoungGen      total 14848K, used 288K [0x00000000d5f00000, 0x00000000d6e80000, 0x0000000100000000)
  eden space 14336K, 0% used [0x00000000d5f00000,0x00000000d5f00000,0x00000000d6d00000)
  from space 512K, 56% used [0x00000000d6e00000,0x00000000d6e48000,0x00000000d6e80000)
  to   space 512K, 0% used [0x00000000d6d80000,0x00000000d6d80000,0x00000000d6e00000)
 ParOldGen       total 53760K, used 15312K [0x0000000081c00000, 0x0000000085080000, 0x00000000d5f00000)
  object space 53760K, 28% used [0x0000000081c00000,0x0000000082af4138,0x0000000085080000)
 Metaspace       used 22089K, capacity 22538K, committed 22704K, reserved 1069056K
  class space    used 2540K, capacity 2689K, committed 2816K, reserved 1048576K
}
Event: 19352.865 GC heap before
{Heap before GC invocations=204 (full 7):
 PSYoungGen      total 14848K, used 14619K [0x00000000d5f00000, 0x00000000d6e80000, 0x0000000100000000)
  eden space 14336K, 99% used [0x00000000d5f00000,0x00000000d6cfeef0,0x00000000d6d00000)
  from space 512K, 56% used [0x00000000d6e00000,0x00000000d6e48000,0x00000000d6e80000)
  to   space 512K, 0% used [0x00000000d6d80000,0x00000000d6d80000,0x00000000d6e00000)
 ParOldGen       total 53760K, used 15312K [0x0000000081c00000, 0x0000000085080000, 0x00000000d5f00000)
  object space 53760K, 28% used [0x0000000081c00000,0x0000000082af4138,0x0000000085080000)
 Metaspace       used 22089K, capacity 22538K, committed 22704K, reserved 1069056K
  class space    used 2540K, capacity 2689K, committed 2816K, reserved 1048576K
Event: 19352.868 GC heap after
Heap after GC invocations=204 (full 7):
 PSYoungGen      total 14848K, used 304K [0x00000000d5f00000, 0x00000000d6e80000, 0x0000000100000000)
  eden space 14336K, 0% used [0x00000000d5f00000,0x00000000d5f00000,0x00000000d6d00000)
  from space 512K, 59% used [0x00000000d6d80000,0x00000000d6dcc010,0x00000000d6e00000)
  to   space 512K, 0% used [0x00000000d6e00000,0x00000000d6e00000,0x00000000d6e80000)
 ParOldGen       total 53760K, used 15432K [0x0000000081c00000, 0x0000000085080000, 0x00000000d5f00000)
  object space 53760K, 28% used [0x0000000081c00000,0x0000000082b12138,0x0000000085080000)
 Metaspace       used 22089K, capacity 22538K, committed 22704K, reserved 1069056K
  class space    used 2540K, capacity 2689K, committed 2816K, reserved 1048576K
}
Event: 19386.853 GC heap before
{Heap before GC invocations=205 (full 7):
 PSYoungGen      total 14848K, used 14640K [0x00000000d5f00000, 0x00000000d6e80000, 0x0000000100000000)
  eden space 14336K, 100% used [0x00000000d5f00000,0x00000000d6d00000,0x00000000d6d00000)
  from space 512K, 59% used [0x00000000d6d80000,0x00000000d6dcc010,0x00000000d6e00000)
  to   space 512K, 0% used [0x00000000d6e00000,0x00000000d6e00000,0x00000000d6e80000)
 ParOldGen       total 53760K, used 15432K [0x0000000081c00000, 0x0000000085080000, 0x00000000d5f00000)
  object space 53760K, 28% used [0x0000000081c00000,0x0000000082b12138,0x0000000085080000)
 Metaspace       used 22091K, capacity 22538K, committed 22704K, reserved 1069056K
  class space    used 2540K, capacity 2689K, committed 2816K, reserved 1048576K
Event: 19386.854 GC heap after
Heap after GC invocations=205 (full 7):
 PSYoungGen      total 14848K, used 224K [0x00000000d5f00000, 0x00000000d6e80000, 0x0000000100000000)
  eden space 14336K, 0% used [0x00000000d5f00000,0x00000000d5f00000,0x00000000d6d00000)
  from space 512K, 43% used [0x00000000d6e00000,0x00000000d6e38000,0x00000000d6e80000)
  to   space 512K, 0% used [0x00000000d6d80000,0x00000000d6d80000,0x00000000d6e00000)
 ParOldGen       total 53760K, used 15576K [0x0000000081c00000, 0x0000000085080000, 0x00000000d5f00000)
  object space 53760K, 28% used [0x0000000081c00000,0x0000000082b36158,0x0000000085080000)
 Metaspace       used 22091K, capacity 22538K, committed 22704K, reserved 1069056K
  class space    used 2540K, capacity 2689K, committed 2816K, reserved 1048576K
}
Event: 19415.925 GC heap before
{Heap before GC invocations=206 (full 7):
 PSYoungGen      total 14848K, used 14556K [0x00000000d5f00000, 0x00000000d6e80000, 0x0000000100000000)
  eden space 14336K, 99% used [0x00000000d5f00000,0x00000000d6cff1f8,0x00000000d6d00000)
  from space 512K, 43% used [0x00000000d6e00000,0x00000000d6e38000,0x00000000d6e80000)
  to   space 512K, 0% used [0x00000000d6d80000,0x00000000d6d80000,0x00000000d6e00000)
 ParOldGen       total 53760K, used 15576K [0x0000000081c00000, 0x0000000085080000, 0x00000000d5f00000)
  object space 53760K, 28% used [0x0000000081c00000,0x0000000082b36158,0x0000000085080000)
 Metaspace       used 22091K, capacity 22538K, committed 22704K, reserved 1069056K
  class space    used 2540K, capacity 2689K, committed 2816K, reserved 1048576K
Event: 19415.928 GC heap after
Heap after GC invocations=206 (full 7):
 PSYoungGen      total 14848K, used 288K [0x00000000d5f00000, 0x00000000d6e80000, 0x0000000100000000)
  eden space 14336K, 0% used [0x00000000d5f00000,0x00000000d5f00000,0x00000000d6d00000)
  from space 512K, 56% used [0x00000000d6d80000,0x00000000d6dc8000,0x00000000d6e00000)
  to   space 512K, 0% used [0x00000000d6e00000,0x00000000d6e00000,0x00000000d6e80000)
 ParOldGen       total 53760K, used 15704K [0x0000000081c00000, 0x0000000085080000, 0x00000000d5f00000)
  object space 53760K, 29% used [0x0000000081c00000,0x0000000082b56158,0x0000000085080000)
 Metaspace       used 22091K, capacity 22538K, committed 22704K, reserved 1069056K
  class space    used 2540K, capacity 2689K, committed 2816K, reserved 1048576K
}
Event: 19465.092 GC heap before
{Heap before GC invocations=207 (full 7):
 PSYoungGen      total 14848K, used 14624K [0x00000000d5f00000, 0x00000000d6e80000, 0x0000000100000000)
  eden space 14336K, 100% used [0x00000000d5f00000,0x00000000d6d00000,0x00000000d6d00000)
  from space 512K, 56% used [0x00000000d6d80000,0x00000000d6dc8000,0x00000000d6e00000)
  to   space 512K, 0% used [0x00000000d6e00000,0x00000000d6e00000,0x00000000d6e80000)
 ParOldGen       total 53760K, used 15704K [0x0000000081c00000, 0x0000000085080000, 0x00000000d5f00000)
  object space 53760K, 29% used [0x0000000081c00000,0x0000000082b56158,0x0000000085080000)
 Metaspace       used 22091K, capacity 22538K, committed 22704K, reserved 1069056K
  class space    used 2540K, capacity 2689K, committed 2816K, reserved 1048576K
Event: 19465.095 GC heap after
Heap after GC invocations=207 (full 7):
 PSYoungGen      total 14848K, used 256K [0x00000000d5f00000, 0x00000000d6e80000, 0x0000000100000000)
  eden space 14336K, 0% used [0x00000000d5f00000,0x00000000d5f00000,0x00000000d6d00000)
  from space 512K, 50% used [0x00000000d6e00000,0x00000000d6e40000,0x00000000d6e80000)
  to   space 512K, 0% used [0x00000000d6d80000,0x00000000d6d80000,0x00000000d6e00000)
 ParOldGen       total 53760K, used 15824K [0x0000000081c00000, 0x0000000085080000, 0x00000000d5f00000)
  object space 53760K, 29% used [0x0000000081c00000,0x0000000082b74158,0x0000000085080000)
 Metaspace       used 22091K, capacity 22538K, committed 22704K, reserved 1069056K
  class space    used 2540K, capacity 2689K, committed 2816K, reserved 1048576K
}
Event: 19493.190 GC heap before
{Heap before GC invocations=208 (full 7):
 PSYoungGen      total 14848K, used 14592K [0x00000000d5f00000, 0x00000000d6e80000, 0x0000000100000000)
  eden space 14336K, 100% used [0x00000000d5f00000,0x00000000d6d00000,0x00000000d6d00000)
  from space 512K, 50% used [0x00000000d6e00000,0x00000000d6e40000,0x00000000d6e80000)
  to   space 512K, 0% used [0x00000000d6d80000,0x00000000d6d80000,0x00000000d6e00000)
 ParOldGen       total 53760K, used 15824K [0x0000000081c00000, 0x0000000085080000, 0x00000000d5f00000)
  object space 53760K, 29% used [0x0000000081c00000,0x0000000082b74158,0x0000000085080000)
 Metaspace       used 22092K, capacity 22538K, committed 22704K, reserved 1069056K
  class space    used 2540K, capacity 2689K, committed 2816K, reserved 1048576K

